This file contains any messages produced by compilers while
running configure, to aid debugging if configure makes a mistake.

It was created by luaposix configure 33.2.1, which was
generated by GNU Autoconf 2.69.  Invocation command line was

  $ ./configure --prefix=/home/droeper/abs/lua-posix/pkg/lua-posix/usr LUA=/usr/bin/lua5.1 LUA_INCLUDE=-I/usr/include/lua5.1

## --------- ##
## Platform. ##
## --------- ##

hostname = blackarch.vm
uname -m = x86_64
uname -r = 4.10.11-1-ARCH
uname -s = Linux
uname -v = #1 SMP PREEMPT Tue Apr 18 08:39:42 CEST 2017

/usr/bin/uname -p = unknown
/bin/uname -X     = unknown

/bin/arch              = unknown
/usr/bin/arch -k       = unknown
/usr/convex/getsysinfo = unknown
/usr/bin/hostinfo      = unknown
/bin/machine           = unknown
/usr/bin/oslevel       = unknown
/bin/universe          = unknown

PATH: /usr/local/sbin
PATH: /usr/local/bin
PATH: /usr/bin
PATH: /usr/bin/site_perl
PATH: /usr/bin/vendor_perl
PATH: /usr/bin/core_perl


## ----------- ##
## Core tests. ##
## ----------- ##

configure:2352: checking for a BSD-compatible install
configure:2420: result: /usr/bin/install -c
configure:2431: checking whether build environment is sane
configure:2486: result: yes
configure:2637: checking for a thread-safe mkdir -p
configure:2676: result: /usr/bin/mkdir -p
configure:2683: checking for gawk
configure:2699: found /usr/bin/gawk
configure:2710: result: gawk
configure:2721: checking whether make sets $(MAKE)
configure:2743: result: yes
configure:2772: checking whether make supports nested variables
configure:2789: result: yes
configure:2925: checking whether make supports nested variables
configure:2942: result: yes
configure:3003: checking for gcc
configure:3019: found /usr/bin/gcc
configure:3030: result: gcc
configure:3259: checking for C compiler version
configure:3268: gcc --version >&5
gcc (GCC) 6.3.1 20170306
Copyright (C) 2016 Free Software Foundation, Inc.
This is free software; see the source for copying conditions.  There is NO
warranty; not even for MERCHANTABILITY or FITNESS FOR A PARTICULAR PURPOSE.

configure:3279: $? = 0
configure:3268: gcc -v >&5
Using built-in specs.
COLLECT_GCC=gcc
COLLECT_LTO_WRAPPER=/usr/lib/gcc/x86_64-pc-linux-gnu/6.3.1/lto-wrapper
Target: x86_64-pc-linux-gnu
Configured with: /build/gcc/src/gcc/configure --prefix=/usr --libdir=/usr/lib --libexecdir=/usr/lib --mandir=/usr/share/man --infodir=/usr/share/info --with-bugurl=https://bugs.archlinux.org/ --enable-languages=c,c++,ada,fortran,go,lto,objc,obj-c++ --enable-shared --enable-threads=posix --enable-libmpx --with-system-zlib --with-isl --enable-__cxa_atexit --disable-libunwind-exceptions --enable-clocale=gnu --disable-libstdcxx-pch --disable-libssp --enable-gnu-unique-object --enable-linker-build-id --enable-lto --enable-plugin --enable-install-libiberty --with-linker-hash-style=gnu --enable-gnu-indirect-function --disable-multilib --disable-werror --enable-checking=release
Thread model: posix
gcc version 6.3.1 20170306 (GCC) 
configure:3279: $? = 0
configure:3268: gcc -V >&5
gcc: error: unrecognized command line option '-V'
gcc: fatal error: no input files
compilation terminated.
configure:3279: $? = 1
configure:3268: gcc -qversion >&5
gcc: error: unrecognized command line option '-qversion'; did you mean '--version'?
gcc: fatal error: no input files
compilation terminated.
configure:3279: $? = 1
configure:3299: checking whether the C compiler works
configure:3321: gcc -march=x86-64 -mtune=generic -O2 -pipe -fstack-protector-strong -D_FORTIFY_SOURCE=2 -Wl,-O1,--sort-common,--as-needed,-z,relro conftest.c  >&5
configure:3325: $? = 0
configure:3373: result: yes
configure:3376: checking for C compiler default output file name
configure:3378: result: a.out
configure:3384: checking for suffix of executables
configure:3391: gcc -o conftest -march=x86-64 -mtune=generic -O2 -pipe -fstack-protector-strong -D_FORTIFY_SOURCE=2 -Wl,-O1,--sort-common,--as-needed,-z,relro conftest.c  >&5
configure:3395: $? = 0
configure:3417: result: 
configure:3439: checking whether we are cross compiling
configure:3447: gcc -o conftest -march=x86-64 -mtune=generic -O2 -pipe -fstack-protector-strong -D_FORTIFY_SOURCE=2 -Wl,-O1,--sort-common,--as-needed,-z,relro conftest.c  >&5
configure:3451: $? = 0
configure:3458: ./conftest
configure:3462: $? = 0
configure:3477: result: no
configure:3482: checking for suffix of object files
configure:3504: gcc -c -march=x86-64 -mtune=generic -O2 -pipe -fstack-protector-strong -D_FORTIFY_SOURCE=2 conftest.c >&5
configure:3508: $? = 0
configure:3529: result: o
configure:3533: checking whether we are using the GNU C compiler
configure:3552: gcc -c -march=x86-64 -mtune=generic -O2 -pipe -fstack-protector-strong -D_FORTIFY_SOURCE=2 conftest.c >&5
configure:3552: $? = 0
configure:3561: result: yes
configure:3570: checking whether gcc accepts -g
configure:3590: gcc -c -g -D_FORTIFY_SOURCE=2 conftest.c >&5
configure:3590: $? = 0
configure:3631: result: yes
configure:3648: checking for gcc option to accept ISO C89
configure:3711: gcc  -c -march=x86-64 -mtune=generic -O2 -pipe -fstack-protector-strong -D_FORTIFY_SOURCE=2 conftest.c >&5
configure:3711: $? = 0
configure:3724: result: none needed
configure:3749: checking whether gcc understands -c and -o together
configure:3771: gcc -c conftest.c -o conftest2.o
configure:3774: $? = 0
configure:3771: gcc -c conftest.c -o conftest2.o
configure:3774: $? = 0
configure:3786: result: yes
configure:3814: checking for style of include used by make
configure:3842: result: GNU
configure:3868: checking dependency style of gcc
configure:3979: result: gcc3
configure:4000: checking how to run the C preprocessor
configure:4031: gcc -E -D_FORTIFY_SOURCE=2 conftest.c
In file included from /usr/include/bits/libc-header-start.h:33:0,
                 from /usr/include/limits.h:26,
                 from /usr/lib/gcc/x86_64-pc-linux-gnu/6.3.1/include-fixed/limits.h:168,
                 from /usr/lib/gcc/x86_64-pc-linux-gnu/6.3.1/include-fixed/syslimits.h:7,
                 from /usr/lib/gcc/x86_64-pc-linux-gnu/6.3.1/include-fixed/limits.h:34,
                 from conftest.c:12:
/usr/include/features.h:373:4: warning: #warning _FORTIFY_SOURCE requires compiling with optimization (-O) [-Wcpp]
 #  warning _FORTIFY_SOURCE requires compiling with optimization (-O)
    ^~~~~~~
configure:4031: $? = 0
configure:4045: gcc -E -D_FORTIFY_SOURCE=2 conftest.c
conftest.c:11:28: fatal error: ac_nonexistent.h: No such file or directory
 #include <ac_nonexistent.h>
                            ^
compilation terminated.
configure:4045: $? = 1
configure: failed program was:
| /* confdefs.h */
| #define PACKAGE_NAME "luaposix"
| #define PACKAGE_TARNAME "luaposix"
| #define PACKAGE_VERSION "33.2.1"
| #define PACKAGE_STRING "luaposix 33.2.1"
| #define PACKAGE_BUGREPORT "http://github.com/luaposix/luaposix/issues"
| #define PACKAGE_URL ""
| #define PACKAGE "luaposix"
| #define VERSION "33.2.1"
| /* end confdefs.h.  */
| #include <ac_nonexistent.h>
configure:4070: result: gcc -E
configure:4090: gcc -E -D_FORTIFY_SOURCE=2 conftest.c
In file included from /usr/include/bits/libc-header-start.h:33:0,
                 from /usr/include/limits.h:26,
                 from /usr/lib/gcc/x86_64-pc-linux-gnu/6.3.1/include-fixed/limits.h:168,
                 from /usr/lib/gcc/x86_64-pc-linux-gnu/6.3.1/include-fixed/syslimits.h:7,
                 from /usr/lib/gcc/x86_64-pc-linux-gnu/6.3.1/include-fixed/limits.h:34,
                 from conftest.c:12:
/usr/include/features.h:373:4: warning: #warning _FORTIFY_SOURCE requires compiling with optimization (-O) [-Wcpp]
 #  warning _FORTIFY_SOURCE requires compiling with optimization (-O)
    ^~~~~~~
configure:4090: $? = 0
configure:4104: gcc -E -D_FORTIFY_SOURCE=2 conftest.c
conftest.c:11:28: fatal error: ac_nonexistent.h: No such file or directory
 #include <ac_nonexistent.h>
                            ^
compilation terminated.
configure:4104: $? = 1
configure: failed program was:
| /* confdefs.h */
| #define PACKAGE_NAME "luaposix"
| #define PACKAGE_TARNAME "luaposix"
| #define PACKAGE_VERSION "33.2.1"
| #define PACKAGE_STRING "luaposix 33.2.1"
| #define PACKAGE_BUGREPORT "http://github.com/luaposix/luaposix/issues"
| #define PACKAGE_URL ""
| #define PACKAGE "luaposix"
| #define VERSION "33.2.1"
| /* end confdefs.h.  */
| #include <ac_nonexistent.h>
configure:4133: checking for grep that handles long lines and -e
configure:4191: result: /usr/bin/grep
configure:4196: checking for egrep
configure:4258: result: /usr/bin/grep -E
configure:4265: checking for Minix Amsterdam compiler
configure:4289: result: no
configure:4341: checking for ar
configure:4357: found /usr/bin/ar
configure:4368: result: ar
configure:4448: checking for ranlib
configure:4464: found /usr/bin/ranlib
configure:4475: result: ranlib
configure:4507: checking for egrep
configure:4569: result: /usr/bin/grep -E
configure:4574: checking for a sed that does not truncate output
configure:4638: result: /usr/bin/sed
configure:4649: checking for ANSI C header files
configure:4669: gcc -c -march=x86-64 -mtune=generic -O2 -pipe -fstack-protector-strong -D_FORTIFY_SOURCE=2 conftest.c >&5
configure:4669: $? = 0
In file included from /usr/include/bits/libc-header-start.h:33:0,
                 from /usr/include/string.h:26,
                 from conftest.c:11:
/usr/include/features.h:373:4: warning: #warning _FORTIFY_SOURCE requires compiling with optimization (-O) [-Wcpp]
 #  warning _FORTIFY_SOURCE requires compiling with optimization (-O)
    ^~~~~~~
In file included from /usr/include/bits/libc-header-start.h:33:0,
                 from /usr/include/stdlib.h:25,
                 from conftest.c:11:
/usr/include/features.h:373:4: warning: #warning _FORTIFY_SOURCE requires compiling with optimization (-O) [-Wcpp]
 #  warning _FORTIFY_SOURCE requires compiling with optimization (-O)
    ^~~~~~~
configure:4742: gcc -o conftest -march=x86-64 -mtune=generic -O2 -pipe -fstack-protector-strong -D_FORTIFY_SOURCE=2 -Wl,-O1,--sort-common,--as-needed,-z,relro conftest.c  >&5
configure:4742: $? = 0
configure:4742: ./conftest
configure:4742: $? = 0
configure:4753: result: yes
configure:4766: checking for sys/types.h
configure:4766: gcc -c -march=x86-64 -mtune=generic -O2 -pipe -fstack-protector-strong -D_FORTIFY_SOURCE=2 conftest.c >&5
configure:4766: $? = 0
configure:4766: result: yes
configure:4766: checking for sys/stat.h
configure:4766: gcc -c -march=x86-64 -mtune=generic -O2 -pipe -fstack-protector-strong -D_FORTIFY_SOURCE=2 conftest.c >&5
configure:4766: $? = 0
configure:4766: result: yes
configure:4766: checking for stdlib.h
configure:4766: gcc -c -march=x86-64 -mtune=generic -O2 -pipe -fstack-protector-strong -D_FORTIFY_SOURCE=2 conftest.c >&5
configure:4766: $? = 0
configure:4766: result: yes
configure:4766: checking for string.h
configure:4766: gcc -c -march=x86-64 -mtune=generic -O2 -pipe -fstack-protector-strong -D_FORTIFY_SOURCE=2 conftest.c >&5
configure:4766: $? = 0
configure:4766: result: yes
configure:4766: checking for memory.h
configure:4766: gcc -c -march=x86-64 -mtune=generic -O2 -pipe -fstack-protector-strong -D_FORTIFY_SOURCE=2 conftest.c >&5
configure:4766: $? = 0
configure:4766: result: yes
configure:4766: checking for strings.h
configure:4766: gcc -c -march=x86-64 -mtune=generic -O2 -pipe -fstack-protector-strong -D_FORTIFY_SOURCE=2 conftest.c >&5
configure:4766: $? = 0
configure:4766: result: yes
configure:4766: checking for inttypes.h
configure:4766: gcc -c -march=x86-64 -mtune=generic -O2 -pipe -fstack-protector-strong -D_FORTIFY_SOURCE=2 conftest.c >&5
configure:4766: $? = 0
configure:4766: result: yes
configure:4766: checking for stdint.h
configure:4766: gcc -c -march=x86-64 -mtune=generic -O2 -pipe -fstack-protector-strong -D_FORTIFY_SOURCE=2 conftest.c >&5
configure:4766: $? = 0
configure:4766: result: yes
configure:4766: checking for unistd.h
configure:4766: gcc -c -march=x86-64 -mtune=generic -O2 -pipe -fstack-protector-strong -D_FORTIFY_SOURCE=2 conftest.c >&5
configure:4766: $? = 0
configure:4766: result: yes
configure:4779: checking minix/config.h usability
configure:4779: gcc -c -march=x86-64 -mtune=generic -O2 -pipe -fstack-protector-strong -D_FORTIFY_SOURCE=2 conftest.c >&5
conftest.c:54:26: fatal error: minix/config.h: No such file or directory
 #include <minix/config.h>
                          ^
compilation terminated.
configure:4779: $? = 1
configure: failed program was:
| /* confdefs.h */
| #define PACKAGE_NAME "luaposix"
| #define PACKAGE_TARNAME "luaposix"
| #define PACKAGE_VERSION "33.2.1"
| #define PACKAGE_STRING "luaposix 33.2.1"
| #define PACKAGE_BUGREPORT "http://github.com/luaposix/luaposix/issues"
| #define PACKAGE_URL ""
| #define PACKAGE "luaposix"
| #define VERSION "33.2.1"
| #define STDC_HEADERS 1
| #define HAVE_SYS_TYPES_H 1
| #define HAVE_SYS_STAT_H 1
| #define HAVE_STDLIB_H 1
| #define HAVE_STRING_H 1
| #define HAVE_MEMORY_H 1
| #define HAVE_STRINGS_H 1
| #define HAVE_INTTYPES_H 1
| #define HAVE_STDINT_H 1
| #define HAVE_UNISTD_H 1
| /* end confdefs.h.  */
| #include <stdio.h>
| #ifdef HAVE_SYS_TYPES_H
| # include <sys/types.h>
| #endif
| #ifdef HAVE_SYS_STAT_H
| # include <sys/stat.h>
| #endif
| #ifdef STDC_HEADERS
| # include <stdlib.h>
| # include <stddef.h>
| #else
| # ifdef HAVE_STDLIB_H
| #  include <stdlib.h>
| # endif
| #endif
| #ifdef HAVE_STRING_H
| # if !defined STDC_HEADERS && defined HAVE_MEMORY_H
| #  include <memory.h>
| # endif
| # include <string.h>
| #endif
| #ifdef HAVE_STRINGS_H
| # include <strings.h>
| #endif
| #ifdef HAVE_INTTYPES_H
| # include <inttypes.h>
| #endif
| #ifdef HAVE_STDINT_H
| # include <stdint.h>
| #endif
| #ifdef HAVE_UNISTD_H
| # include <unistd.h>
| #endif
| #include <minix/config.h>
configure:4779: result: no
configure:4779: checking minix/config.h presence
configure:4779: gcc -E -D_FORTIFY_SOURCE=2 conftest.c
conftest.c:21:26: fatal error: minix/config.h: No such file or directory
 #include <minix/config.h>
                          ^
compilation terminated.
configure:4779: $? = 1
configure: failed program was:
| /* confdefs.h */
| #define PACKAGE_NAME "luaposix"
| #define PACKAGE_TARNAME "luaposix"
| #define PACKAGE_VERSION "33.2.1"
| #define PACKAGE_STRING "luaposix 33.2.1"
| #define PACKAGE_BUGREPORT "http://github.com/luaposix/luaposix/issues"
| #define PACKAGE_URL ""
| #define PACKAGE "luaposix"
| #define VERSION "33.2.1"
| #define STDC_HEADERS 1
| #define HAVE_SYS_TYPES_H 1
| #define HAVE_SYS_STAT_H 1
| #define HAVE_STDLIB_H 1
| #define HAVE_STRING_H 1
| #define HAVE_MEMORY_H 1
| #define HAVE_STRINGS_H 1
| #define HAVE_INTTYPES_H 1
| #define HAVE_STDINT_H 1
| #define HAVE_UNISTD_H 1
| /* end confdefs.h.  */
| #include <minix/config.h>
configure:4779: result: no
configure:4779: checking for minix/config.h
configure:4779: result: no
configure:4800: checking whether it is safe to define __EXTENSIONS__
configure:4818: gcc -c -march=x86-64 -mtune=generic -O2 -pipe -fstack-protector-strong -D_FORTIFY_SOURCE=2 conftest.c >&5
configure:4818: $? = 0
configure:4825: result: yes
configure:4843: checking build system type
configure:4857: result: x86_64-unknown-linux-gnu
configure:4877: checking host system type
configure:4890: result: x86_64-unknown-linux-gnu
configure:5579: checking the archiver (ar) interface
configure:5595: gcc -c -march=x86-64 -mtune=generic -O2 -pipe -fstack-protector-strong -D_FORTIFY_SOURCE=2 conftest.c >&5
configure:5595: $? = 0
configure:5597: ar cru libconftest.a conftest.o >&5
ar: `u' modifier ignored since `D' is the default (see `U')
configure:5600: $? = 0
configure:5628: result: ar
configure:5696: checking how to print strings
configure:5723: result: printf
configure:5744: checking for a sed that does not truncate output
configure:5808: result: /usr/bin/sed
configure:5826: checking for fgrep
configure:5888: result: /usr/bin/grep -F
configure:5923: checking for ld used by gcc
configure:5990: result: /usr/bin/ld
configure:5997: checking if the linker (/usr/bin/ld) is GNU ld
configure:6012: result: yes
configure:6024: checking for BSD- or MS-compatible name lister (nm)
configure:6078: result: /usr/bin/nm -B
configure:6208: checking the name lister (/usr/bin/nm -B) interface
configure:6215: gcc -c -march=x86-64 -mtune=generic -O2 -pipe -fstack-protector-strong -D_FORTIFY_SOURCE=2 conftest.c >&5
configure:6218: /usr/bin/nm -B "conftest.o"
configure:6221: output
0000000000000000 B some_variable
configure:6228: result: BSD nm
configure:6231: checking whether ln -s works
configure:6235: result: yes
configure:6243: checking the maximum length of command line arguments
configure:6374: result: 1572864
configure:6422: checking how to convert x86_64-unknown-linux-gnu file names to x86_64-unknown-linux-gnu format
configure:6462: result: func_convert_file_noop
configure:6469: checking how to convert x86_64-unknown-linux-gnu file names to toolchain format
configure:6489: result: func_convert_file_noop
configure:6496: checking for /usr/bin/ld option to reload object files
configure:6503: result: -r
configure:6577: checking for objdump
configure:6593: found /usr/bin/objdump
configure:6604: result: objdump
configure:6636: checking how to recognize dependent libraries
configure:6836: result: pass_all
configure:6921: checking for dlltool
configure:6951: result: no
configure:6981: checking how to associate runtime and link libraries
configure:7008: result: printf %s\n
configure:7132: checking for archiver @FILE support
configure:7149: gcc -c -march=x86-64 -mtune=generic -O2 -pipe -fstack-protector-strong -D_FORTIFY_SOURCE=2 conftest.c >&5
configure:7149: $? = 0
configure:7152: ar cru libconftest.a @conftest.lst >&5
ar: `u' modifier ignored since `D' is the default (see `U')
configure:7155: $? = 0
configure:7160: ar cru libconftest.a @conftest.lst >&5
ar: `u' modifier ignored since `D' is the default (see `U')
ar: conftest.o: No such file or directory
configure:7163: $? = 1
configure:7175: result: @
configure:7233: checking for strip
configure:7249: found /usr/bin/strip
configure:7260: result: strip
configure:7332: checking for ranlib
configure:7359: result: ranlib
configure:7461: checking command to parse /usr/bin/nm -B output from gcc object
configure:7614: gcc -c -march=x86-64 -mtune=generic -O2 -pipe -fstack-protector-strong -D_FORTIFY_SOURCE=2 conftest.c >&5
configure:7617: $? = 0
configure:7621: /usr/bin/nm -B conftest.o \| sed -n -e 's/^.*[ ]\([ABCDGIRSTW][ABCDGIRSTW]*\)[ ][ ]*\([_A-Za-z][_A-Za-z0-9]*\)$/\1 \2 \2/p' | sed '/ __gnu_lto/d' \> conftest.nm
configure:7624: $? = 0
configure:7690: gcc -o conftest -march=x86-64 -mtune=generic -O2 -pipe -fstack-protector-strong -D_FORTIFY_SOURCE=2 -Wl,-O1,--sort-common,--as-needed,-z,relro conftest.c conftstm.o >&5
configure:7693: $? = 0
configure:7731: result: ok
configure:7778: checking for sysroot
configure:7808: result: no
configure:7815: checking for a working dd
configure:7853: result: /usr/bin/dd
configure:7857: checking how to truncate binary pipes
configure:7872: result: /usr/bin/dd bs=4096 count=1
configure:7993: gcc -c -march=x86-64 -mtune=generic -O2 -pipe -fstack-protector-strong -D_FORTIFY_SOURCE=2 conftest.c >&5
configure:7996: $? = 0
configure:8186: checking for mt
configure:8216: result: no
configure:8236: checking if : is a manifest tool
configure:8242: : '-?'
configure:8250: result: no
configure:8889: checking for dlfcn.h
configure:8889: gcc -c -march=x86-64 -mtune=generic -O2 -pipe -fstack-protector-strong -D_FORTIFY_SOURCE=2 conftest.c >&5
configure:8889: $? = 0
configure:8889: result: yes
configure:9144: checking for objdir
configure:9159: result: .libs
configure:9430: checking if gcc supports -fno-rtti -fno-exceptions
configure:9448: gcc -c -march=x86-64 -mtune=generic -O2 -pipe -fstack-protector-strong -D_FORTIFY_SOURCE=2 -fno-rtti -fno-exceptions conftest.c >&5
cc1: warning: command line option '-fno-rtti' is valid for C++/ObjC++ but not for C
configure:9452: $? = 0
configure:9465: result: no
configure:9823: checking for gcc option to produce PIC
configure:9830: result: -fPIC -DPIC
configure:9838: checking if gcc PIC flag -fPIC -DPIC works
configure:9856: gcc -c -march=x86-64 -mtune=generic -O2 -pipe -fstack-protector-strong -D_FORTIFY_SOURCE=2 -fPIC -DPIC -DPIC conftest.c >&5
configure:9860: $? = 0
configure:9873: result: yes
configure:9902: checking if gcc static flag -static works
configure:9930: result: yes
configure:9945: checking if gcc supports -c -o file.o
configure:9966: gcc -c -march=x86-64 -mtune=generic -O2 -pipe -fstack-protector-strong -D_FORTIFY_SOURCE=2 -o out/conftest2.o conftest.c >&5
configure:9970: $? = 0
configure:9992: result: yes
configure:10000: checking if gcc supports -c -o file.o
configure:10047: result: yes
configure:10080: checking whether the gcc linker (/usr/bin/ld -m elf_x86_64) supports shared libraries
configure:11339: result: yes
configure:11376: checking whether -lc should be explicitly linked in
configure:11384: gcc -c -march=x86-64 -mtune=generic -O2 -pipe -fstack-protector-strong -D_FORTIFY_SOURCE=2 conftest.c >&5
configure:11387: $? = 0
configure:11402: gcc -shared  -fPIC -DPIC conftest.o  -v -Wl,-soname -Wl,conftest -o conftest 2\>\&1 \| /usr/bin/grep  -lc  \>/dev/null 2\>\&1
configure:11405: $? = 0
configure:11419: result: no
configure:11579: checking dynamic linker characteristics
configure:12156: gcc -o conftest -march=x86-64 -mtune=generic -O2 -pipe -fstack-protector-strong -D_FORTIFY_SOURCE=2 -Wl,-O1,--sort-common,--as-needed,-z,relro -Wl,-rpath -Wl,/foo conftest.c  >&5
configure:12156: $? = 0
configure:12388: result: GNU/Linux ld.so
configure:12495: checking how to hardcode library paths into programs
configure:12520: result: immediate
configure:13068: checking whether stripping libraries is possible
configure:13073: result: yes
configure:13108: checking if libtool supports shared libraries
configure:13110: result: yes
configure:13113: checking whether to build shared libraries
configure:13138: result: yes
configure:13141: checking whether to build static libraries
configure:13145: result: no
configure:13253: checking for ANSI C header files
configure:13357: result: yes
configure:13368: checking crypt.h usability
configure:13368: gcc -c -march=x86-64 -mtune=generic -O2 -pipe -fstack-protector-strong -D_FORTIFY_SOURCE=2 conftest.c >&5
configure:13368: $? = 0
configure:13368: result: yes
configure:13368: checking crypt.h presence
configure:13368: gcc -E -D_FORTIFY_SOURCE=2 conftest.c
In file included from /usr/include/crypt.h:27:0,
                 from conftest.c:29:
/usr/include/features.h:373:4: warning: #warning _FORTIFY_SOURCE requires compiling with optimization (-O) [-Wcpp]
 #  warning _FORTIFY_SOURCE requires compiling with optimization (-O)
    ^~~~~~~
configure:13368: $? = 0
configure:13368: result: yes
configure:13368: checking for crypt.h
configure:13368: result: yes
configure:13368: checking for strings.h
configure:13368: result: yes
configure:13368: checking sys/statvfs.h usability
configure:13368: gcc -c -march=x86-64 -mtune=generic -O2 -pipe -fstack-protector-strong -D_FORTIFY_SOURCE=2 conftest.c >&5
configure:13368: $? = 0
configure:13368: result: yes
configure:13368: checking sys/statvfs.h presence
configure:13368: gcc -E -D_FORTIFY_SOURCE=2 conftest.c
In file included from /usr/include/sys/statvfs.h:22:0,
                 from conftest.c:31:
/usr/include/features.h:373:4: warning: #warning _FORTIFY_SOURCE requires compiling with optimization (-O) [-Wcpp]
 #  warning _FORTIFY_SOURCE requires compiling with optimization (-O)
    ^~~~~~~
configure:13368: $? = 0
configure:13368: result: yes
configure:13368: checking for sys/statvfs.h
configure:13368: result: yes
configure:13381: checking for net/if.h
configure:13381: gcc -c -march=x86-64 -mtune=generic -O2 -pipe -fstack-protector-strong -D_FORTIFY_SOURCE=2 conftest.c >&5
configure:13381: $? = 0
configure:13381: result: yes
configure:13381: checking for linux/netlink.h
configure:13381: gcc -c -march=x86-64 -mtune=generic -O2 -pipe -fstack-protector-strong -D_FORTIFY_SOURCE=2 conftest.c >&5
configure:13381: $? = 0
configure:13381: result: yes
configure:13398: checking sys/msg.h usability
configure:13398: gcc -c -march=x86-64 -mtune=generic -O2 -pipe -fstack-protector-strong -D_FORTIFY_SOURCE=2 conftest.c >&5
configure:13398: $? = 0
configure:13398: result: yes
configure:13398: checking sys/msg.h presence
configure:13398: gcc -E -D_FORTIFY_SOURCE=2 conftest.c
In file included from /usr/include/sys/msg.h:21:0,
                 from conftest.c:34:
/usr/include/features.h:373:4: warning: #warning _FORTIFY_SOURCE requires compiling with optimization (-O) [-Wcpp]
 #  warning _FORTIFY_SOURCE requires compiling with optimization (-O)
    ^~~~~~~
configure:13398: $? = 0
configure:13398: result: yes
configure:13398: checking for sys/msg.h
configure:13398: result: yes
configure:13411: checking for msgrcv
configure:13411: gcc -o conftest -march=x86-64 -mtune=generic -O2 -pipe -fstack-protector-strong -D_FORTIFY_SOURCE=2 -Wl,-O1,--sort-common,--as-needed,-z,relro conftest.c  >&5
configure:13411: $? = 0
configure:13411: result: yes
configure:13411: checking for msgsnd
configure:13411: gcc -o conftest -march=x86-64 -mtune=generic -O2 -pipe -fstack-protector-strong -D_FORTIFY_SOURCE=2 -Wl,-O1,--sort-common,--as-needed,-z,relro conftest.c  >&5
configure:13411: $? = 0
configure:13411: result: yes
configure:13430: checking whether fdatasync is declared
configure:13430: gcc -c -march=x86-64 -mtune=generic -O2 -pipe -fstack-protector-strong -D_FORTIFY_SOURCE=2 conftest.c >&5
configure:13430: $? = 0
configure:13430: result: yes
configure:13453: checking for library containing crypt
configure:13484: gcc -o conftest -march=x86-64 -mtune=generic -O2 -pipe -fstack-protector-strong -D_FORTIFY_SOURCE=2 -Wl,-O1,--sort-common,--as-needed,-z,relro conftest.c  >&5
/tmp/ccSKAT77.o: In function `main':
conftest.c:(.text.startup+0x7): undefined reference to `crypt'
collect2: error: ld returned 1 exit status
configure:13484: $? = 1
configure: failed program was:
| /* confdefs.h */
| #define PACKAGE_NAME "luaposix"
| #define PACKAGE_TARNAME "luaposix"
| #define PACKAGE_VERSION "33.2.1"
| #define PACKAGE_STRING "luaposix 33.2.1"
| #define PACKAGE_BUGREPORT "http://github.com/luaposix/luaposix/issues"
| #define PACKAGE_URL ""
| #define PACKAGE "luaposix"
| #define VERSION "33.2.1"
| #define STDC_HEADERS 1
| #define HAVE_SYS_TYPES_H 1
| #define HAVE_SYS_STAT_H 1
| #define HAVE_STDLIB_H 1
| #define HAVE_STRING_H 1
| #define HAVE_MEMORY_H 1
| #define HAVE_STRINGS_H 1
| #define HAVE_INTTYPES_H 1
| #define HAVE_STDINT_H 1
| #define HAVE_UNISTD_H 1
| #define __EXTENSIONS__ 1
| #define _ALL_SOURCE 1
| #define _GNU_SOURCE 1
| #define _POSIX_PTHREAD_SEMANTICS 1
| #define _TANDEM_SOURCE 1
| #define HAVE_DLFCN_H 1
| #define LT_OBJDIR ".libs/"
| #define STDC_HEADERS 1
| #define HAVE_CRYPT_H 1
| #define HAVE_STRINGS_H 1
| #define HAVE_SYS_STATVFS_H 1
| #define HAVE_NET_IF_H 1
| #define HAVE_LINUX_NETLINK_H 1
| #define HAVE_SYS_MSG_H 1
| #define HAVE_MSGRCV 1
| #define HAVE_MSGSND 1
| #define HAVE_SYSV_MESSAGING 1
| #define HAVE_DECL_FDATASYNC 1
| /* end confdefs.h.  */
| 
| /* Override any GCC internal prototype to avoid an error.
|    Use char because int might match the return type of a GCC
|    builtin and then its argument prototype would still apply.  */
| #ifdef __cplusplus
| extern "C"
| #endif
| char crypt ();
| int
| main ()
| {
| return crypt ();
|   ;
|   return 0;
| }
configure:13484: gcc -o conftest -march=x86-64 -mtune=generic -O2 -pipe -fstack-protector-strong -D_FORTIFY_SOURCE=2 -Wl,-O1,--sort-common,--as-needed,-z,relro conftest.c -lcrypt   >&5
configure:13484: $? = 0
configure:13501: result: -lcrypt
configure:13518: checking for library containing socket
configure:13549: gcc -o conftest -march=x86-64 -mtune=generic -O2 -pipe -fstack-protector-strong -D_FORTIFY_SOURCE=2 -Wl,-O1,--sort-common,--as-needed,-z,relro conftest.c  >&5
configure:13549: $? = 0
configure:13566: result: none required
configure:13581: checking for clock_gettime in -lrt
configure:13606: gcc -o conftest -march=x86-64 -mtune=generic -O2 -pipe -fstack-protector-strong -D_FORTIFY_SOURCE=2 -Wl,-O1,--sort-common,--as-needed,-z,relro conftest.c -lrt   >&5
configure:13606: $? = 0
configure:13615: result: yes
configure:13665: checking for NcursesW wide-character library
configure:13689: gcc -o conftest -march=x86-64 -mtune=generic -O2 -pipe -fstack-protector-strong -D_FORTIFY_SOURCE=2 -Wl,-O1,--sort-common,--as-needed,-z,relro conftest.c  -lncursesw >&5
configure:13689: $? = 0
configure:13698: result: yes
configure:13718: checking for working ncursesw/curses.h
configure:13751: gcc -o conftest -march=x86-64 -mtune=generic -O2 -pipe -fstack-protector-strong -D_FORTIFY_SOURCE=2 -Wl,-O1,--sort-common,--as-needed,-z,relro conftest.c  -lncursesw >&5
conftest.c:45:53: fatal error: ncursesw/curses.h: No such file or directory
                         #include <ncursesw/curses.h>
                                                     ^
compilation terminated.
configure:13751: $? = 1
configure: failed program was:
| /* confdefs.h */
| #define PACKAGE_NAME "luaposix"
| #define PACKAGE_TARNAME "luaposix"
| #define PACKAGE_VERSION "33.2.1"
| #define PACKAGE_STRING "luaposix 33.2.1"
| #define PACKAGE_BUGREPORT "http://github.com/luaposix/luaposix/issues"
| #define PACKAGE_URL ""
| #define PACKAGE "luaposix"
| #define VERSION "33.2.1"
| #define STDC_HEADERS 1
| #define HAVE_SYS_TYPES_H 1
| #define HAVE_SYS_STAT_H 1
| #define HAVE_STDLIB_H 1
| #define HAVE_STRING_H 1
| #define HAVE_MEMORY_H 1
| #define HAVE_STRINGS_H 1
| #define HAVE_INTTYPES_H 1
| #define HAVE_STDINT_H 1
| #define HAVE_UNISTD_H 1
| #define __EXTENSIONS__ 1
| #define _ALL_SOURCE 1
| #define _GNU_SOURCE 1
| #define _POSIX_PTHREAD_SEMANTICS 1
| #define _TANDEM_SOURCE 1
| #define HAVE_DLFCN_H 1
| #define LT_OBJDIR ".libs/"
| #define STDC_HEADERS 1
| #define HAVE_CRYPT_H 1
| #define HAVE_STRINGS_H 1
| #define HAVE_SYS_STATVFS_H 1
| #define HAVE_NET_IF_H 1
| #define HAVE_LINUX_NETLINK_H 1
| #define HAVE_SYS_MSG_H 1
| #define HAVE_MSGRCV 1
| #define HAVE_MSGSND 1
| #define HAVE_SYSV_MESSAGING 1
| #define HAVE_DECL_FDATASYNC 1
| #define HAVE_CRYPT 1
| #define HAVE_LIBRT 1
| #define HAVE_NCURSESW 1
| #define HAVE_CURSES 1
| /* end confdefs.h.  */
| 
|                         #define _XOPEN_SOURCE_EXTENDED 1
|                         #include <ncursesw/curses.h>
| 
| int
| main ()
| {
| 
|                         chtype a = A_BOLD;
|                         int b = KEY_LEFT;
|                         chtype c = COLOR_PAIR(1) & A_COLOR;
|                         attr_t d = WA_NORMAL;
|                         cchar_t e;
|                         wint_t f;
|                         int g = getattrs(stdscr);
|                         int h = getcurx(stdscr) + getmaxx(stdscr);
|                         initscr();
|                         init_pair(1, COLOR_WHITE, COLOR_RED);
|                         wattr_set(stdscr, d, 0, NULL);
|                         wget_wch(stdscr, &f);
| 
|   ;
|   return 0;
| }
configure:13760: result: no
configure:13782: checking for working ncursesw.h
configure:13815: gcc -o conftest -march=x86-64 -mtune=generic -O2 -pipe -fstack-protector-strong -D_FORTIFY_SOURCE=2 -Wl,-O1,--sort-common,--as-needed,-z,relro conftest.c  -lncursesw >&5
conftest.c:45:46: fatal error: ncursesw.h: No such file or directory
                         #include <ncursesw.h>
                                              ^
compilation terminated.
configure:13815: $? = 1
configure: failed program was:
| /* confdefs.h */
| #define PACKAGE_NAME "luaposix"
| #define PACKAGE_TARNAME "luaposix"
| #define PACKAGE_VERSION "33.2.1"
| #define PACKAGE_STRING "luaposix 33.2.1"
| #define PACKAGE_BUGREPORT "http://github.com/luaposix/luaposix/issues"
| #define PACKAGE_URL ""
| #define PACKAGE "luaposix"
| #define VERSION "33.2.1"
| #define STDC_HEADERS 1
| #define HAVE_SYS_TYPES_H 1
| #define HAVE_SYS_STAT_H 1
| #define HAVE_STDLIB_H 1
| #define HAVE_STRING_H 1
| #define HAVE_MEMORY_H 1
| #define HAVE_STRINGS_H 1
| #define HAVE_INTTYPES_H 1
| #define HAVE_STDINT_H 1
| #define HAVE_UNISTD_H 1
| #define __EXTENSIONS__ 1
| #define _ALL_SOURCE 1
| #define _GNU_SOURCE 1
| #define _POSIX_PTHREAD_SEMANTICS 1
| #define _TANDEM_SOURCE 1
| #define HAVE_DLFCN_H 1
| #define LT_OBJDIR ".libs/"
| #define STDC_HEADERS 1
| #define HAVE_CRYPT_H 1
| #define HAVE_STRINGS_H 1
| #define HAVE_SYS_STATVFS_H 1
| #define HAVE_NET_IF_H 1
| #define HAVE_LINUX_NETLINK_H 1
| #define HAVE_SYS_MSG_H 1
| #define HAVE_MSGRCV 1
| #define HAVE_MSGSND 1
| #define HAVE_SYSV_MESSAGING 1
| #define HAVE_DECL_FDATASYNC 1
| #define HAVE_CRYPT 1
| #define HAVE_LIBRT 1
| #define HAVE_NCURSESW 1
| #define HAVE_CURSES 1
| /* end confdefs.h.  */
| 
|                         #define _XOPEN_SOURCE_EXTENDED 1
|                         #include <ncursesw.h>
| 
| int
| main ()
| {
| 
|                         chtype a = A_BOLD;
|                         int b = KEY_LEFT;
|                         chtype c = COLOR_PAIR(1) & A_COLOR;
|                         attr_t d = WA_NORMAL;
|                         cchar_t e;
|                         wint_t f;
|                         int g = getattrs(stdscr);
|                         int h = getcurx(stdscr) + getmaxx(stdscr);
|                         initscr();
|                         init_pair(1, COLOR_WHITE, COLOR_RED);
|                         wattr_set(stdscr, d, 0, NULL);
|                         wget_wch(stdscr, &f);
| 
|   ;
|   return 0;
| }
configure:13824: result: no
configure:13846: checking for working ncurses.h
configure:13879: gcc -o conftest -march=x86-64 -mtune=generic -O2 -pipe -fstack-protector-strong -D_FORTIFY_SOURCE=2 -Wl,-O1,--sort-common,--as-needed,-z,relro conftest.c  -lncursesw >&5
configure:13879: $? = 0
configure:13888: result: yes
configure:14394: checking for resizeterm
configure:14394: gcc -o conftest -march=x86-64 -mtune=generic -O2 -pipe -fstack-protector-strong -D_FORTIFY_SOURCE=2 -Wl,-O1,--sort-common,--as-needed,-z,relro conftest.c -lncursesw  >&5
configure:14394: $? = 0
configure:14394: result: yes
configure:14408: checking for strlcpy
configure:14408: gcc -o conftest -march=x86-64 -mtune=generic -O2 -pipe -fstack-protector-strong -D_FORTIFY_SOURCE=2 -Wl,-O1,--sort-common,--as-needed,-z,relro conftest.c  >&5
/tmp/ccdmdzmr.o: In function `main':
conftest.c:(.text.startup+0x7): undefined reference to `strlcpy'
collect2: error: ld returned 1 exit status
configure:14408: $? = 1
configure: failed program was:
| /* confdefs.h */
| #define PACKAGE_NAME "luaposix"
| #define PACKAGE_TARNAME "luaposix"
| #define PACKAGE_VERSION "33.2.1"
| #define PACKAGE_STRING "luaposix 33.2.1"
| #define PACKAGE_BUGREPORT "http://github.com/luaposix/luaposix/issues"
| #define PACKAGE_URL ""
| #define PACKAGE "luaposix"
| #define VERSION "33.2.1"
| #define STDC_HEADERS 1
| #define HAVE_SYS_TYPES_H 1
| #define HAVE_SYS_STAT_H 1
| #define HAVE_STDLIB_H 1
| #define HAVE_STRING_H 1
| #define HAVE_MEMORY_H 1
| #define HAVE_STRINGS_H 1
| #define HAVE_INTTYPES_H 1
| #define HAVE_STDINT_H 1
| #define HAVE_UNISTD_H 1
| #define __EXTENSIONS__ 1
| #define _ALL_SOURCE 1
| #define _GNU_SOURCE 1
| #define _POSIX_PTHREAD_SEMANTICS 1
| #define _TANDEM_SOURCE 1
| #define HAVE_DLFCN_H 1
| #define LT_OBJDIR ".libs/"
| #define STDC_HEADERS 1
| #define HAVE_CRYPT_H 1
| #define HAVE_STRINGS_H 1
| #define HAVE_SYS_STATVFS_H 1
| #define HAVE_NET_IF_H 1
| #define HAVE_LINUX_NETLINK_H 1
| #define HAVE_SYS_MSG_H 1
| #define HAVE_MSGRCV 1
| #define HAVE_MSGSND 1
| #define HAVE_SYSV_MESSAGING 1
| #define HAVE_DECL_FDATASYNC 1
| #define HAVE_CRYPT 1
| #define HAVE_LIBRT 1
| #define HAVE_NCURSESW 1
| #define HAVE_CURSES 1
| #define HAVE_CURSES_ENHANCED 1
| #define HAVE_CURSES_COLOR 1
| #define HAVE_CURSES_OBSOLETE 1
| #define HAVE_NCURSES_H 1
| #define HAVE_RESIZETERM 1
| /* end confdefs.h.  */
| /* Define strlcpy to an innocuous variant, in case <limits.h> declares strlcpy.
|    For example, HP-UX 11i <limits.h> declares gettimeofday.  */
| #define strlcpy innocuous_strlcpy
| 
| /* System header to define __stub macros and hopefully few prototypes,
|     which can conflict with char strlcpy (); below.
|     Prefer <limits.h> to <assert.h> if __STDC__ is defined, since
|     <limits.h> exists even on freestanding compilers.  */
| 
| #ifdef __STDC__
| # include <limits.h>
| #else
| # include <assert.h>
| #endif
| 
| #undef strlcpy
| 
| /* Override any GCC internal prototype to avoid an error.
|    Use char because int might match the return type of a GCC
|    builtin and then its argument prototype would still apply.  */
| #ifdef __cplusplus
| extern "C"
| #endif
| char strlcpy ();
| /* The GNU C library defines this for functions which it implements
|     to always fail with ENOSYS.  Some functions are actually named
|     something starting with __ and the normal name is an alias.  */
| #if defined __stub_strlcpy || defined __stub___strlcpy
| choke me
| #endif
| 
| int
| main ()
| {
| return strlcpy ();
|   ;
|   return 0;
| }
configure:14408: result: no
configure:14431: checking for sched_getsheduler
configure:14431: gcc -o conftest -march=x86-64 -mtune=generic -O2 -pipe -fstack-protector-strong -D_FORTIFY_SOURCE=2 -Wl,-O1,--sort-common,--as-needed,-z,relro conftest.c  >&5
/tmp/ccw2Grhh.o: In function `main':
conftest.c:(.text.startup+0x7): undefined reference to `sched_getsheduler'
collect2: error: ld returned 1 exit status
configure:14431: $? = 1
configure: failed program was:
| /* confdefs.h */
| #define PACKAGE_NAME "luaposix"
| #define PACKAGE_TARNAME "luaposix"
| #define PACKAGE_VERSION "33.2.1"
| #define PACKAGE_STRING "luaposix 33.2.1"
| #define PACKAGE_BUGREPORT "http://github.com/luaposix/luaposix/issues"
| #define PACKAGE_URL ""
| #define PACKAGE "luaposix"
| #define VERSION "33.2.1"
| #define STDC_HEADERS 1
| #define HAVE_SYS_TYPES_H 1
| #define HAVE_SYS_STAT_H 1
| #define HAVE_STDLIB_H 1
| #define HAVE_STRING_H 1
| #define HAVE_MEMORY_H 1
| #define HAVE_STRINGS_H 1
| #define HAVE_INTTYPES_H 1
| #define HAVE_STDINT_H 1
| #define HAVE_UNISTD_H 1
| #define __EXTENSIONS__ 1
| #define _ALL_SOURCE 1
| #define _GNU_SOURCE 1
| #define _POSIX_PTHREAD_SEMANTICS 1
| #define _TANDEM_SOURCE 1
| #define HAVE_DLFCN_H 1
| #define LT_OBJDIR ".libs/"
| #define STDC_HEADERS 1
| #define HAVE_CRYPT_H 1
| #define HAVE_STRINGS_H 1
| #define HAVE_SYS_STATVFS_H 1
| #define HAVE_NET_IF_H 1
| #define HAVE_LINUX_NETLINK_H 1
| #define HAVE_SYS_MSG_H 1
| #define HAVE_MSGRCV 1
| #define HAVE_MSGSND 1
| #define HAVE_SYSV_MESSAGING 1
| #define HAVE_DECL_FDATASYNC 1
| #define HAVE_CRYPT 1
| #define HAVE_LIBRT 1
| #define HAVE_NCURSESW 1
| #define HAVE_CURSES 1
| #define HAVE_CURSES_ENHANCED 1
| #define HAVE_CURSES_COLOR 1
| #define HAVE_CURSES_OBSOLETE 1
| #define HAVE_NCURSES_H 1
| #define HAVE_RESIZETERM 1
| /* end confdefs.h.  */
| /* Define sched_getsheduler to an innocuous variant, in case <limits.h> declares sched_getsheduler.
|    For example, HP-UX 11i <limits.h> declares gettimeofday.  */
| #define sched_getsheduler innocuous_sched_getsheduler
| 
| /* System header to define __stub macros and hopefully few prototypes,
|     which can conflict with char sched_getsheduler (); below.
|     Prefer <limits.h> to <assert.h> if __STDC__ is defined, since
|     <limits.h> exists even on freestanding compilers.  */
| 
| #ifdef __STDC__
| # include <limits.h>
| #else
| # include <assert.h>
| #endif
| 
| #undef sched_getsheduler
| 
| /* Override any GCC internal prototype to avoid an error.
|    Use char because int might match the return type of a GCC
|    builtin and then its argument prototype would still apply.  */
| #ifdef __cplusplus
| extern "C"
| #endif
| char sched_getsheduler ();
| /* The GNU C library defines this for functions which it implements
|     to always fail with ENOSYS.  Some functions are actually named
|     something starting with __ and the normal name is an alias.  */
| #if defined __stub_sched_getsheduler || defined __stub___sched_getsheduler
| choke me
| #endif
| 
| int
| main ()
| {
| return sched_getsheduler ();
|   ;
|   return 0;
| }
configure:14431: result: no
configure:14431: checking for sched_setscheduler
configure:14431: gcc -o conftest -march=x86-64 -mtune=generic -O2 -pipe -fstack-protector-strong -D_FORTIFY_SOURCE=2 -Wl,-O1,--sort-common,--as-needed,-z,relro conftest.c  >&5
configure:14431: $? = 0
configure:14431: result: yes
configure:14444: checking for statvfs
configure:14444: gcc -o conftest -march=x86-64 -mtune=generic -O2 -pipe -fstack-protector-strong -D_FORTIFY_SOURCE=2 -Wl,-O1,--sort-common,--as-needed,-z,relro conftest.c  >&5
configure:14444: $? = 0
configure:14444: result: yes
configure:14458: checking for gethostid
configure:14458: gcc -o conftest -march=x86-64 -mtune=generic -O2 -pipe -fstack-protector-strong -D_FORTIFY_SOURCE=2 -Wl,-O1,--sort-common,--as-needed,-z,relro conftest.c  >&5
configure:14458: $? = 0
configure:14458: result: yes
configure:14458: checking for posix_fadvise
configure:14458: gcc -o conftest -march=x86-64 -mtune=generic -O2 -pipe -fstack-protector-strong -D_FORTIFY_SOURCE=2 -Wl,-O1,--sort-common,--as-needed,-z,relro conftest.c  >&5
configure:14458: $? = 0
configure:14458: result: yes
configure:14476: checking if /usr/bin/lua5.1 is a Lua interpreter
configure:14480: result: yes
configure:14490: checking whether /usr/bin/lua5.1 version >= 5.1, < 5.4
configure:14499: result: yes
configure:14593: checking for /usr/bin/lua5.1 version
configure:14600: result: 5.1
configure:14610: checking for /usr/bin/lua5.1 platform
configure:14617: result: unknown
configure:14627: checking for /usr/bin/lua5.1 script directory
configure:14660: result: ${prefix}/share/lua/5.1
configure:14667: checking for /usr/bin/lua5.1 module directory
configure:14700: result: ${exec_prefix}/lib/lua/5.1
configure:14712: checking if LUA_VERSION is defined
configure:14715: result: yes
configure:14734: checking lua.h usability
configure:14734: gcc -c -march=x86-64 -mtune=generic -O2 -pipe -fstack-protector-strong -D_FORTIFY_SOURCE=2 -I/usr/include/lua5.1 conftest.c >&5
configure:14734: $? = 0
configure:14734: result: yes
configure:14734: checking lua.h presence
configure:14734: gcc -E -D_FORTIFY_SOURCE=2 -I/usr/include/lua5.1 conftest.c
In file included from /usr/include/bits/libc-header-start.h:33:0,
                 from /usr/include/limits.h:26,
                 from /usr/lib/gcc/x86_64-pc-linux-gnu/6.3.1/include-fixed/limits.h:168,
                 from /usr/lib/gcc/x86_64-pc-linux-gnu/6.3.1/include-fixed/syslimits.h:7,
                 from /usr/lib/gcc/x86_64-pc-linux-gnu/6.3.1/include-fixed/limits.h:34,
                 from /usr/include/lua5.1/luaconf.h:11,
                 from /usr/include/lua5.1/lua.h:16,
                 from conftest.c:52:
/usr/include/features.h:373:4: warning: #warning _FORTIFY_SOURCE requires compiling with optimization (-O) [-Wcpp]
 #  warning _FORTIFY_SOURCE requires compiling with optimization (-O)
    ^~~~~~~
configure:14734: $? = 0
configure:14734: result: yes
configure:14734: checking for lua.h
configure:14734: result: yes
configure:14734: checking lualib.h usability
configure:14734: gcc -c -march=x86-64 -mtune=generic -O2 -pipe -fstack-protector-strong -D_FORTIFY_SOURCE=2 -I/usr/include/lua5.1 conftest.c >&5
configure:14734: $? = 0
configure:14734: result: yes
configure:14734: checking lualib.h presence
configure:14734: gcc -E -D_FORTIFY_SOURCE=2 -I/usr/include/lua5.1 conftest.c
In file included from /usr/include/bits/libc-header-start.h:33:0,
                 from /usr/include/limits.h:26,
                 from /usr/lib/gcc/x86_64-pc-linux-gnu/6.3.1/include-fixed/limits.h:168,
                 from /usr/lib/gcc/x86_64-pc-linux-gnu/6.3.1/include-fixed/syslimits.h:7,
                 from /usr/lib/gcc/x86_64-pc-linux-gnu/6.3.1/include-fixed/limits.h:34,
                 from /usr/include/lua5.1/luaconf.h:11,
                 from /usr/include/lua5.1/lua.h:16,
                 from /usr/include/lua5.1/lualib.h:11,
                 from conftest.c:53:
/usr/include/features.h:373:4: warning: #warning _FORTIFY_SOURCE requires compiling with optimization (-O) [-Wcpp]
 #  warning _FORTIFY_SOURCE requires compiling with optimization (-O)
    ^~~~~~~
configure:14734: $? = 0
configure:14734: result: yes
configure:14734: checking for lualib.h
configure:14734: result: yes
configure:14734: checking lauxlib.h usability
configure:14734: gcc -c -march=x86-64 -mtune=generic -O2 -pipe -fstack-protector-strong -D_FORTIFY_SOURCE=2 -I/usr/include/lua5.1 conftest.c >&5
configure:14734: $? = 0
configure:14734: result: yes
configure:14734: checking lauxlib.h presence
configure:14734: gcc -E -D_FORTIFY_SOURCE=2 -I/usr/include/lua5.1 conftest.c
In file included from /usr/include/bits/libc-header-start.h:33:0,
                 from /usr/include/stdio.h:28,
                 from /usr/include/lua5.1/lauxlib.h:13,
                 from conftest.c:54:
/usr/include/features.h:373:4: warning: #warning _FORTIFY_SOURCE requires compiling with optimization (-O) [-Wcpp]
 #  warning _FORTIFY_SOURCE requires compiling with optimization (-O)
    ^~~~~~~
configure:14734: $? = 0
configure:14734: result: yes
configure:14734: checking for lauxlib.h
configure:14734: result: yes
configure:14734: checking luaconf.h usability
configure:14734: gcc -c -march=x86-64 -mtune=generic -O2 -pipe -fstack-protector-strong -D_FORTIFY_SOURCE=2 -I/usr/include/lua5.1 conftest.c >&5
configure:14734: $? = 0
configure:14734: result: yes
configure:14734: checking luaconf.h presence
configure:14734: gcc -E -D_FORTIFY_SOURCE=2 -I/usr/include/lua5.1 conftest.c
In file included from /usr/include/bits/libc-header-start.h:33:0,
                 from /usr/include/limits.h:26,
                 from /usr/lib/gcc/x86_64-pc-linux-gnu/6.3.1/include-fixed/limits.h:168,
                 from /usr/lib/gcc/x86_64-pc-linux-gnu/6.3.1/include-fixed/syslimits.h:7,
                 from /usr/lib/gcc/x86_64-pc-linux-gnu/6.3.1/include-fixed/limits.h:34,
                 from /usr/include/lua5.1/luaconf.h:11,
                 from conftest.c:55:
/usr/include/features.h:373:4: warning: #warning _FORTIFY_SOURCE requires compiling with optimization (-O) [-Wcpp]
 #  warning _FORTIFY_SOURCE requires compiling with optimization (-O)
    ^~~~~~~
configure:14734: $? = 0
configure:14734: result: yes
configure:14734: checking for luaconf.h
configure:14734: result: yes
configure:14796: checking for Lua header version
configure:14823: gcc -o conftest -march=x86-64 -mtune=generic -O2 -pipe -fstack-protector-strong -D_FORTIFY_SOURCE=2 -I/usr/include/lua5.1 -Wl,-O1,--sort-common,--as-needed,-z,relro conftest.c  >&5
configure:14823: $? = 0
configure:14823: ./conftest
configure:14823: $? = 0
configure:14838: result: 5.1
configure:14841: checking if Lua header version matches 5.1
configure:14844: result: yes
configure:14874: checking for specl
configure:14905: result: :
configure:14917: checking for perl
configure:14935: found /usr/bin/perl
configure:14947: result: /usr/bin/perl
configure:14965: checking for ldoc
configure:14996: result: false
configure:15127: checking that generated files are newer than configure
configure:15133: result: done
configure:15196: creating ./config.status

## ---------------------- ##
## Running config.status. ##
## ---------------------- ##

This file was extended by luaposix config.status 33.2.1, which was
generated by GNU Autoconf 2.69.  Invocation command line was

  CONFIG_FILES    = 
  CONFIG_HEADERS  = 
  CONFIG_LINKS    = 
  CONFIG_COMMANDS = 
  $ ./config.status 

on blackarch.vm

config.status:1150: creating Makefile
config.status:1150: creating build-aux/config.ld
config.status:1150: creating lib/posix.lua
config.status:1150: creating config.h
config.status:1331: config.h is unchanged
config.status:1379: executing depfiles commands
config.status:1379: executing libtool commands

## ---------------- ##
## Cache variables. ##
## ---------------- ##

ac_cv_build=x86_64-unknown-linux-gnu
ac_cv_c_compiler_gnu=yes
ac_cv_env_CC_set=
ac_cv_env_CC_value=
ac_cv_env_CFLAGS_set=set
ac_cv_env_CFLAGS_value='-march=x86-64 -mtune=generic -O2 -pipe -fstack-protector-strong'
ac_cv_env_CPPFLAGS_set=set
ac_cv_env_CPPFLAGS_value=-D_FORTIFY_SOURCE=2
ac_cv_env_CPP_set=
ac_cv_env_CPP_value=
ac_cv_env_CURSES_LIB_set=
ac_cv_env_CURSES_LIB_value=
ac_cv_env_LDFLAGS_set=set
ac_cv_env_LDFLAGS_value=-Wl,-O1,--sort-common,--as-needed,-z,relro
ac_cv_env_LIBS_set=
ac_cv_env_LIBS_value=
ac_cv_env_LUA_INCLUDE_set=set
ac_cv_env_LUA_INCLUDE_value=-I/usr/include/lua5.1
ac_cv_env_LUA_set=set
ac_cv_env_LUA_value=/usr/bin/lua5.1
ac_cv_env_build_alias_set=
ac_cv_env_build_alias_value=
ac_cv_env_host_alias_set=
ac_cv_env_host_alias_value=
ac_cv_env_target_alias_set=
ac_cv_env_target_alias_value=
ac_cv_func_gethostid=yes
ac_cv_func_msgrcv=yes
ac_cv_func_msgsnd=yes
ac_cv_func_posix_fadvise=yes
ac_cv_func_resizeterm=yes
ac_cv_func_sched_getsheduler=no
ac_cv_func_sched_setscheduler=yes
ac_cv_func_statvfs=yes
ac_cv_func_strlcpy=no
ac_cv_have_decl_fdatasync=yes
ac_cv_header_crypt_h=yes
ac_cv_header_dlfcn_h=yes
ac_cv_header_inttypes_h=yes
ac_cv_header_lauxlib_h=yes
ac_cv_header_linux_netlink_h=yes
ac_cv_header_lua_h=yes
ac_cv_header_luaconf_h=yes
ac_cv_header_lualib_h=yes
ac_cv_header_memory_h=yes
ac_cv_header_minix_config_h=no
ac_cv_header_net_if_h=yes
ac_cv_header_stdc=yes
ac_cv_header_stdint_h=yes
ac_cv_header_stdlib_h=yes
ac_cv_header_string_h=yes
ac_cv_header_strings_h=yes
ac_cv_header_sys_msg_h=yes
ac_cv_header_sys_stat_h=yes
ac_cv_header_sys_statvfs_h=yes
ac_cv_header_sys_types_h=yes
ac_cv_header_unistd_h=yes
ac_cv_host=x86_64-unknown-linux-gnu
ac_cv_lib_rt_clock_gettime=yes
ac_cv_objext=o
ac_cv_path_EGREP='/usr/bin/grep -E'
ac_cv_path_FGREP='/usr/bin/grep -F'
ac_cv_path_GREP=/usr/bin/grep
ac_cv_path_LDOC=false
ac_cv_path_PERL=/usr/bin/perl
ac_cv_path_SED=/usr/bin/sed
ac_cv_path_SPECL=:
ac_cv_path_install='/usr/bin/install -c'
ac_cv_path_lt_DD=/usr/bin/dd
ac_cv_path_mkdir=/usr/bin/mkdir
ac_cv_prog_AWK=gawk
ac_cv_prog_CPP='gcc -E'
ac_cv_prog_ac_ct_AR=ar
ac_cv_prog_ac_ct_CC=gcc
ac_cv_prog_ac_ct_OBJDUMP=objdump
ac_cv_prog_ac_ct_RANLIB=ranlib
ac_cv_prog_ac_ct_STRIP=strip
ac_cv_prog_cc_c89=
ac_cv_prog_cc_g=yes
ac_cv_prog_make_make_set=yes
ac_cv_safe_to_define___extensions__=yes
ac_cv_search_crypt=-lcrypt
ac_cv_search_socket='none required'
am_cv_CC_dependencies_compiler_type=gcc3
am_cv_ar_interface=ar
am_cv_make_support_nested_variables=yes
am_cv_prog_cc_c_o=yes
ax_cv_curses=yes
ax_cv_curses_color=yes
ax_cv_curses_enhanced=yes
ax_cv_curses_obsolete=yes
ax_cv_curses_which=ncursesw
ax_cv_header_ncurses_h_with_ncursesw=yes
ax_cv_header_ncursesw_curses_h=no
ax_cv_header_ncursesw_h=no
ax_cv_lua_header_version=5.1
ax_cv_lua_luadir='${prefix}/share/lua/5.1'
ax_cv_lua_luaexecdir='${exec_prefix}/lib/lua/5.1'
ax_cv_lua_platform=unknown
ax_cv_lua_version=5.1
ax_cv_ncursesw=yes
gl_cv_c_amsterdam_compiler=no
lt_cv_ar_at_file=@
lt_cv_archive_cmds_need_lc=no
lt_cv_deplibs_check_method=pass_all
lt_cv_file_magic_cmd='$MAGIC_CMD'
lt_cv_file_magic_test_file=
lt_cv_ld_reload_flag=-r
lt_cv_nm_interface='BSD nm'
lt_cv_objdir=.libs
lt_cv_path_LD=/usr/bin/ld
lt_cv_path_NM='/usr/bin/nm -B'
lt_cv_path_mainfest_tool=no
lt_cv_prog_compiler_c_o=yes
lt_cv_prog_compiler_pic='-fPIC -DPIC'
lt_cv_prog_compiler_pic_works=yes
lt_cv_prog_compiler_rtti_exceptions=no
lt_cv_prog_compiler_static_works=yes
lt_cv_prog_gnu_ld=yes
lt_cv_sharedlib_from_linklib_cmd='printf %s\n'
lt_cv_shlibpath_overrides_runpath=no
lt_cv_sys_global_symbol_pipe='sed -n -e '\''s/^.*[	 ]\([ABCDGIRSTW][ABCDGIRSTW]*\)[	 ][	 ]*\([_A-Za-z][_A-Za-z0-9]*\)$/\1 \2 \2/p'\'' | sed '\''/ __gnu_lto/d'\'''
lt_cv_sys_global_symbol_to_c_name_address='sed -n -e '\''s/^: \(.*\) .*$/  {"\1", (void *) 0},/p'\'' -e '\''s/^[ABCDGIRSTW][ABCDGIRSTW]* .* \(.*\)$/  {"\1", (void *) \&\1},/p'\'''
lt_cv_sys_global_symbol_to_c_name_address_lib_prefix='sed -n -e '\''s/^: \(.*\) .*$/  {"\1", (void *) 0},/p'\'' -e '\''s/^[ABCDGIRSTW][ABCDGIRSTW]* .* \(lib.*\)$/  {"\1", (void *) \&\1},/p'\'' -e '\''s/^[ABCDGIRSTW][ABCDGIRSTW]* .* \(.*\)$/  {"lib\1", (void *) \&\1},/p'\'''
lt_cv_sys_global_symbol_to_cdecl='sed -n -e '\''s/^T .* \(.*\)$/extern int \1();/p'\'' -e '\''s/^[ABCDGIRSTW][ABCDGIRSTW]* .* \(.*\)$/extern char \1;/p'\'''
lt_cv_sys_global_symbol_to_import=
lt_cv_sys_max_cmd_len=1572864
lt_cv_to_host_file_cmd=func_convert_file_noop
lt_cv_to_tool_file_cmd=func_convert_file_noop
lt_cv_truncate_bin='/usr/bin/dd bs=4096 count=1'

## ----------------- ##
## Output variables. ##
## ----------------- ##

ACLOCAL='${SHELL} /home/droeper/abs/lua-posix/src/luaposix-release-v33.2.1/build-aux/missing aclocal-1.14'
AMDEPBACKSLASH='\'
AMDEP_FALSE='#'
AMDEP_TRUE=''
AMTAR='$${TAR-tar}'
AM_BACKSLASH='\'
AM_DEFAULT_V='$(AM_DEFAULT_VERBOSITY)'
AM_DEFAULT_VERBOSITY='0'
AM_V='$(V)'
AR='ar'
ARFLAGS='cru'
AUTOCONF='${SHELL} /home/droeper/abs/lua-posix/src/luaposix-release-v33.2.1/build-aux/missing autoconf'
AUTOHEADER='${SHELL} /home/droeper/abs/lua-posix/src/luaposix-release-v33.2.1/build-aux/missing autoheader'
AUTOMAKE='${SHELL} /home/droeper/abs/lua-posix/src/luaposix-release-v33.2.1/build-aux/missing automake-1.14'
AWK='gawk'
CC='gcc'
CCDEPMODE='depmode=gcc3'
CFLAGS='-march=x86-64 -mtune=generic -O2 -pipe -fstack-protector-strong'
CPP='gcc -E'
CPPFLAGS='-D_FORTIFY_SOURCE=2'
CURSES_LIB='-lncursesw'
CYGPATH_W='echo'
DEFS='-DHAVE_CONFIG_H'
DEPDIR='.deps'
DLLTOOL='false'
DSYMUTIL=''
DUMPBIN=''
ECHO_C=''
ECHO_N='-n'
ECHO_T=''
EGREP='/usr/bin/grep -E'
EXEEXT=''
FGREP='/usr/bin/grep -F'
GL_COND_LIBTOOL_FALSE='#'
GL_COND_LIBTOOL_TRUE=''
GREP='/usr/bin/grep'
HAVE_LDOC_FALSE=''
HAVE_LDOC_TRUE='#'
INSTALL_DATA='${INSTALL} -m 644'
INSTALL_PROGRAM='${INSTALL}'
INSTALL_SCRIPT='${INSTALL}'
INSTALL_STRIP_PROGRAM='$(install_sh) -c -s'
LD='/usr/bin/ld -m elf_x86_64'
LDFLAGS='-Wl,-O1,--sort-common,--as-needed,-z,relro'
LDOC='false'
LIBCRYPT='-lcrypt '
LIBOBJS=''
LIBRT='-lrt '
LIBS=''
LIBSOCKET=''
LIBTOOL='$(SHELL) $(top_builddir)/libtool'
LIBTOOL_DEPS='build-aux/ltmain.sh'
LIPO=''
LN_S='ln -s'
LTLIBOBJS=''
LUA='/usr/bin/lua5.1'
LUA_EXEC_PREFIX='${exec_prefix}'
LUA_INCLUDE='-I/usr/include/lua5.1'
LUA_PLATFORM='unknown'
LUA_PREFIX='${prefix}'
LUA_SHORT_VERSION='51'
LUA_VERSION='5.1'
MAKEINFO='${SHELL} /home/droeper/abs/lua-posix/src/luaposix-release-v33.2.1/build-aux/missing makeinfo'
MANIFEST_TOOL=':'
MKDIR_P='/usr/bin/mkdir -p'
NM='/usr/bin/nm -B'
NMEDIT=''
OBJDUMP='objdump'
OBJEXT='o'
OTOOL64=''
OTOOL=''
PACKAGE='luaposix'
PACKAGE_BUGREPORT='http://github.com/luaposix/luaposix/issues'
PACKAGE_NAME='luaposix'
PACKAGE_STRING='luaposix 33.2.1'
PACKAGE_TARNAME='luaposix'
PACKAGE_URL=''
PACKAGE_VERSION='33.2.1'
PATH_SEPARATOR=':'
PERL='/usr/bin/perl'
POSIX_EXTRA_CPPFLAGS='-D_XOPEN_SOURCE=700'
RANLIB='ranlib'
SED='/usr/bin/sed'
SET_MAKE=''
SHELL='/bin/sh'
SPECL=':'
STRIP='strip'
VERSION='33.2.1'
WARN_CFLAGS=''
WERROR_CFLAGS=''
ac_ct_AR='ar'
ac_ct_CC='gcc'
ac_ct_DUMPBIN=''
am__EXEEXT_FALSE=''
am__EXEEXT_TRUE='#'
am__fastdepCC_FALSE='#'
am__fastdepCC_TRUE=''
am__include='include'
am__isrc=''
am__leading_dot='.'
am__nodep='_no'
am__quote=''
am__tar='$${TAR-tar} chof - "$$tardir"'
am__untar='$${TAR-tar} xf -'
bindir='${exec_prefix}/bin'
build='x86_64-unknown-linux-gnu'
build_alias=''
build_cpu='x86_64'
build_os='linux-gnu'
build_vendor='unknown'
datadir='${datarootdir}'
datarootdir='${prefix}/share'
docdir='${datarootdir}/doc/${PACKAGE_TARNAME}'
dvidir='${docdir}'
exec_prefix='${prefix}'
gl_LIBOBJS=''
gl_LTLIBOBJS=''
gltests_LIBOBJS=''
gltests_LTLIBOBJS=''
gltests_WITNESS='IN_LUAPOSIX_GNULIB_TESTS'
host='x86_64-unknown-linux-gnu'
host_alias=''
host_cpu='x86_64'
host_os='linux-gnu'
host_vendor='unknown'
htmldir='${docdir}'
includedir='${prefix}/include'
infodir='${datarootdir}/info'
install_sh='${SHELL} /home/droeper/abs/lua-posix/src/luaposix-release-v33.2.1/build-aux/install-sh'
libdir='${exec_prefix}/lib'
libexecdir='${exec_prefix}/libexec'
localedir='${datarootdir}/locale'
localstatedir='${prefix}/var'
luadir='${prefix}/share/lua/5.1'
luaexecdir='${exec_prefix}/lib/lua/5.1'
mandir='${datarootdir}/man'
mkdir_p='$(MKDIR_P)'
objdir='.libs'
oldincludedir='/usr/include'
pdfdir='${docdir}'
pkgluadir='${luadir}/luaposix'
pkgluaexecdir='${luaexecdir}/luaposix'
prefix='/home/droeper/abs/lua-posix/pkg/lua-posix/usr'
program_transform_name='s,x,x,'
psdir='${docdir}'
sbindir='${exec_prefix}/sbin'
sharedstatedir='${prefix}/com'
shrext='.so'
sysconfdir='${prefix}/etc'
target_alias=''

## ----------- ##
## confdefs.h. ##
## ----------- ##

/* confdefs.h */
#define PACKAGE_NAME "luaposix"
#define PACKAGE_TARNAME "luaposix"
#define PACKAGE_VERSION "33.2.1"
#define PACKAGE_STRING "luaposix 33.2.1"
#define PACKAGE_BUGREPORT "http://github.com/luaposix/luaposix/issues"
#define PACKAGE_URL ""
#define PACKAGE "luaposix"
#define VERSION "33.2.1"
#define STDC_HEADERS 1
#define HAVE_SYS_TYPES_H 1
#define HAVE_SYS_STAT_H 1
#define HAVE_STDLIB_H 1
#define HAVE_STRING_H 1
#define HAVE_MEMORY_H 1
#define HAVE_STRINGS_H 1
#define HAVE_INTTYPES_H 1
#define HAVE_STDINT_H 1
#define HAVE_UNISTD_H 1
#define __EXTENSIONS__ 1
#define _ALL_SOURCE 1
#define _GNU_SOURCE 1
#define _POSIX_PTHREAD_SEMANTICS 1
#define _TANDEM_SOURCE 1
#define HAVE_DLFCN_H 1
#define LT_OBJDIR ".libs/"
#define STDC_HEADERS 1
#define HAVE_CRYPT_H 1
#define HAVE_STRINGS_H 1
#define HAVE_SYS_STATVFS_H 1
#define HAVE_NET_IF_H 1
#define HAVE_LINUX_NETLINK_H 1
#define HAVE_SYS_MSG_H 1
#define HAVE_MSGRCV 1
#define HAVE_MSGSND 1
#define HAVE_SYSV_MESSAGING 1
#define HAVE_DECL_FDATASYNC 1
#define HAVE_CRYPT 1
#define HAVE_LIBRT 1
#define HAVE_NCURSESW 1
#define HAVE_CURSES 1
#define HAVE_CURSES_ENHANCED 1
#define HAVE_CURSES_COLOR 1
#define HAVE_CURSES_OBSOLETE 1
#define HAVE_NCURSES_H 1
#define HAVE_RESIZETERM 1
#define HAVE_SCHED_SETSCHEDULER 1
#define HAVE_STATVFS 1
#define HAVE_GETHOSTID 1
#define HAVE_POSIX_FADVISE 1
#define HAVE_LUA_H 1
#define HAVE_LUALIB_H 1
#define HAVE_LAUXLIB_H 1
#define HAVE_LUACONF_H 1

configure: exit 0
